<?xml version="1.0" encoding="UTF-8"?>
<testng-results skipped="0" failed="0" ignored="0" total="2" passed="2">
  <reporter-output>
  </reporter-output>
  <suite name="Default suite" duration-ms="48703" started-at="2019-01-25T06:54:39Z" finished-at="2019-01-25T06:55:28Z">
    <groups>
    </groups>
    <test name="Default test" duration-ms="48703" started-at="2019-01-25T06:54:39Z" finished-at="2019-01-25T06:55:28Z">
      <class name="com.training.functional.tests.NewTagTest">
        <test-method status="PASS" signature="setUpBeforeClass()[pri:0, instance:com.training.functional.tests.NewTagTest@6f7fd0e6]" name="setUpBeforeClass" is-config="true" duration-ms="19614" started-at="2019-01-25T06:54:39Z" finished-at="2019-01-25T06:54:59Z">
          <reporter-output>
          </reporter-output>
        </test-method> <!-- setUpBeforeClass -->
        <test-method status="PASS" signature="validLoginTest()[pri:0, instance:com.training.functional.tests.NewTagTest@6f7fd0e6]" name="validLoginTest" duration-ms="7557" started-at="2019-01-25T06:54:59Z" finished-at="2019-01-25T06:55:07Z">
          <reporter-output>
          </reporter-output>
        </test-method> <!-- validLoginTest -->
        <test-method status="PASS" signature="AddNewtest()[pri:1, instance:com.training.functional.tests.NewTagTest@6f7fd0e6]" name="AddNewtest" duration-ms="19518" started-at="2019-01-25T06:55:07Z" finished-at="2019-01-25T06:55:26Z">
          <reporter-output>
          </reporter-output>
        </test-method> <!-- AddNewtest -->
        <test-method status="PASS" signature="tearDown()[pri:0, instance:com.training.functional.tests.NewTagTest@6f7fd0e6]" name="tearDown" is-config="true" duration-ms="1954" started-at="2019-01-25T06:55:26Z" finished-at="2019-01-25T06:55:28Z">
          <reporter-output>
          </reporter-output>
        </test-method> <!-- tearDown -->
      </class> <!-- com.training.functional.tests.NewTagTest -->
    </test> <!-- Default test -->
  </suite> <!-- Default suite -->
</testng-results>
