<?xml version="1.0" encoding="UTF-8"?>
<!-- Generated by org.testng.reporters.JUnitXMLReporter -->
<testsuite hostname="IBM610-PC0DXRM6" ignored="0" name="Default test" tests="4" failures="0" timestamp="04 Feb 2019 09:43:14 GMT" time="240.452" errors="0">
  <testcase name="validLoginTest" time="4.883" classname="com.training.functional.tests.BlogTest"/>
  <testcase name="userBlogSection" time="13.866" classname="com.training.functional.tests.BlogTest"/>
  <testcase name="validAdminLoginTest" time="158.01" classname="com.training.functional.tests.BlogTest"/>
  <testcase name="adminCommentReply" time="37.014" classname="com.training.functional.tests.BlogTest"/>
</testsuite> <!-- Default test -->
