<?xml version="1.0" encoding="UTF-8"?>
<!-- Generated by org.testng.reporters.JUnitXMLReporter -->
<testsuite hostname="IBM610-PC0DXRM6" ignored="0" name="Default test" tests="2" failures="0" timestamp="14 Feb 2019 16:18:59 GMT" time="202.039" errors="0">
  <testcase name="validLoginTest" time="14.837" classname="com.training.functional.tests.RETC080AddNewProperty"/>
  <testcase name="CreateNewPropertyWithCompleteDetails" time="140.747" classname="com.training.functional.tests.RETC080AddNewProperty"/>
</testsuite> <!-- Default test -->
